<?xml version="1.0" encoding="UTF-8"?>
<!-- Generated by org.testng.reporters.JUnitReportReporter -->
<testsuite skipped="0" hostname="050101V3483" name="demoqa.com.PracticeForm" tests="1" failures="0" timestamp="01 Aug 2020 10:03:24 GMT" time="21.238" errors="0">
  <testcase name="PracticeForm" time="21.238" classname="demoqa.com.PracticeForm"/>
</testsuite> <!-- demoqa.com.PracticeForm -->
