<?xml version="1.0" encoding="UTF-8"?>
<!-- Generated by org.testng.reporters.JUnitReportReporter -->
<testsuite skipped="0" hostname="050101V3483" name="demoqaAlertFramWindows.Links" tests="1" failures="0" timestamp="01 Aug 2020 10:18:57 GMT" time="7.420" errors="0">
  <testcase name="ValidateLinks" time="7.420" classname="demoqaAlertFramWindows.Links"/>
</testsuite> <!-- demoqaAlertFramWindows.Links -->
