<?xml version="1.0" encoding="UTF-8"?>
<!-- Generated by org.testng.reporters.JUnitReportReporter -->
<testsuite skipped="0" hostname="050101V3483" name="demoqaElements.com.UploadandDownload" tests="1" failures="0" timestamp="01 Aug 2020 11:45:53 GMT" time="15.341" errors="0">
  <testcase name="UploadandDownload" time="15.341" classname="demoqaElements.com.UploadandDownload"/>
</testsuite> <!-- demoqaElements.com.UploadandDownload -->
