<?xml version="1.0" encoding="UTF-8"?>
<!-- Generated by org.testng.reporters.JUnitReportReporter -->
<testsuite skipped="0" hostname="050101V3483" name="ShowsPage.ShowsPage" tests="1" failures="0" timestamp="10 May 2020 12:34:50 GMT" time="20.693" errors="0">
  <testcase name="FecthAPI" time="20.693" classname="ShowsPage.ShowsPage"/>
</testsuite> <!-- ShowsPage.ShowsPage -->
