<?xml version="1.0" encoding="UTF-8"?>
<!-- Generated by org.testng.reporters.JUnitReportReporter -->
<testsuite skipped="0" hostname="050101V3483" name="demoqa.com.WebElementList" tests="1" failures="0" timestamp="01 Aug 2020 10:15:33 GMT" time="2.662" errors="0">
  <testcase name="PracticeForm" time="2.662" classname="demoqa.com.WebElementList"/>
</testsuite> <!-- demoqa.com.WebElementList -->
