<?xml version="1.0" encoding="UTF-8"?>
<!-- Generated by org.testng.reporters.JUnitReportReporter -->
<testsuite skipped="0" hostname="050101V3483" name="com.webautomation.jsonutlility" tests="1" failures="0" timestamp="23 May 2020 06:35:20 GMT" time="0.044" errors="0">
  <testcase name="utility" time="0.044" classname="com.webautomation.jsonutlility"/>
</testsuite> <!-- com.webautomation.jsonutlility -->
