<?xml version="1.0" encoding="UTF-8"?>
<!-- Generated by org.testng.reporters.JUnitReportReporter -->
<testsuite skipped="0" hostname="050101V3483" name="demoqaElements.com.Links" tests="1" failures="0" timestamp="01 Aug 2020 11:45:53 GMT" time="7.950" errors="0">
  <testcase name="ValidateLinks" time="7.950" classname="demoqaElements.com.Links"/>
</testsuite> <!-- demoqaElements.com.Links -->
