<?xml version="1.0" encoding="UTF-8"?>
<!-- Generated by org.testng.reporters.JUnitReportReporter -->
<testsuite skipped="0" hostname="050101V3483" name="demoqaAlertFramWindows.BrowserWindows" tests="1" failures="0" timestamp="01 Aug 2020 11:45:53 GMT" time="4.189" errors="0">
  <testcase name="ValidateBrowserWindows" time="4.189" classname="demoqaAlertFramWindows.BrowserWindows"/>
</testsuite> <!-- demoqaAlertFramWindows.BrowserWindows -->
