<?xml version="1.0" encoding="UTF-8"?>
<!-- Generated by org.testng.reporters.JUnitReportReporter -->
<testsuite skipped="0" hostname="050101V3483" name="com.webautomation.BaseTest2" tests="1" failures="0" timestamp="22 Jul 2020 15:21:11 GMT" time="41.882" errors="0">
  <testcase name="setup" time="41.882" classname="com.webautomation.BaseTest2"/>
</testsuite> <!-- com.webautomation.BaseTest2 -->
