<?xml version="1.0" encoding="UTF-8"?>
<!-- Generated by org.testng.reporters.JUnitReportReporter -->
<testsuite skipped="0" hostname="050101V3483" name="demoqaAlertFramWindows.Frames" tests="1" failures="0" timestamp="01 Aug 2020 16:24:38 GMT" time="55.148" errors="0">
  <testcase name="ValidateAlerts" time="55.148" classname="demoqaAlertFramWindows.Frames"/>
</testsuite> <!-- demoqaAlertFramWindows.Frames -->
