<?xml version="1.0" encoding="UTF-8"?>
<!-- Generated by org.testng.reporters.JUnitReportReporter -->
<testsuite skipped="0" hostname="050101V3483" name="demoqa.com.UploadandDownload" tests="1" failures="0" timestamp="01 Aug 2020 06:10:28 GMT" time="15.619" errors="0">
  <testcase name="UploadandDownload" time="15.619" classname="demoqa.com.UploadandDownload"/>
</testsuite> <!-- demoqa.com.UploadandDownload -->
