<?xml version="1.0" encoding="UTF-8"?>
<!-- Generated by org.testng.reporters.JUnitReportReporter -->
<testsuite skipped="0" hostname="050101V3483" name="demoqaAlertFramWindows.Alerts" tests="1" failures="0" timestamp="01 Aug 2020 11:45:53 GMT" time="14.625" errors="0">
  <testcase name="ValidateAlerts" time="14.625" classname="demoqaAlertFramWindows.Alerts"/>
</testsuite> <!-- demoqaAlertFramWindows.Alerts -->
