<?xml version="1.0" encoding="UTF-8"?>
<!-- Generated by org.testng.reporters.JUnitReportReporter -->
<testsuite skipped="0" hostname="050101V3483" name="com.webautomation.BaseTest3" tests="1" failures="0" timestamp="2021-05-15T15:57:50 IST" time="30.934" errors="0">
  <testcase name="setup" time="30.934" classname="com.webautomation.BaseTest3"/>
  <system-out/>
</testsuite> <!-- com.webautomation.BaseTest3 -->
