<?xml version="1.0" encoding="UTF-8"?>
<!-- Generated by org.testng.reporters.JUnitReportReporter -->
<testsuite skipped="0" hostname="050101V3483" name="demoqaAlertFramWindows.ModalDialogs" tests="1" failures="0" timestamp="02 Aug 2020 14:51:20 GMT" time="5.032" errors="0">
  <testcase name="ValidateModalDialogs" time="5.032" classname="demoqaAlertFramWindows.ModalDialogs"/>
</testsuite> <!-- demoqaAlertFramWindows.ModalDialogs -->
