<?xml version="1.0" encoding="UTF-8"?>
<!-- Generated by org.testng.reporters.JUnitReportReporter -->
<testsuite hostname="050101V3483" name="com.webautomation.BaseTest" tests="1" failures="0" timestamp="9 May 2020 14:33:28 GMT" time="16.974" errors="0">
  <testcase name="setup" time="16.974" classname="com.webautomation.BaseTest"/>
</testsuite> <!-- com.webautomation.BaseTest -->
