<?xml version="1.0" encoding="UTF-8"?>
<!-- Generated by org.testng.reporters.JUnitReportReporter -->
<testsuite skipped="0" hostname="050101V3483" name="demoqa.com.Textbox" tests="1" failures="0" timestamp="31 Jul 2020 16:18:15 GMT" time="1.273" errors="0">
  <testcase name="ValidateTextBox" time="1.273" classname="demoqa.com.Textbox"/>
</testsuite> <!-- demoqa.com.Textbox -->
